[    1637ms] [WARNING] Image with src "http://localhost:3100/illustrations/character-carrot.png" has either width or height modified, but not the other. If you use CSS to change the size of your image, also include the styles 'width: "auto"' or 'height: "auto"' to maintain the aspect ratio. @ webpack-internal:///(app-pages-browser)/./node_modules/next/dist/shared/lib/utils/warn-once.js:15
[    1837ms] [WARNING] Image with src "/illustrations/library/strawberry.png" has either width or height modified, but not the other. If you use CSS to change the size of your image, also include the styles 'width: "auto"' or 'height: "auto"' to maintain the aspect ratio. @ webpack-internal:///(app-pages-browser)/./node_modules/next/dist/shared/lib/utils/warn-once.js:15
[    1871ms] [WARNING] Image with src "/illustrations/library/strawberry.png" was detected as the Largest Contentful Paint (LCP). Please add the "priority" property if this image is above the fold.
Read more: https://nextjs.org/docs/api-reference/next/image#priority @ webpack-internal:///(app-pages-browser)/./node_modules/next/dist/shared/lib/utils/warn-once.js:15
[ 8084410ms] [WARNING] The resource http://localhost:3100/_next/static/css/app/layout.css?v=1772415805933 was preloaded using link preload but not used within a few seconds from the window's load event. Please make sure it has an appropriate `as` value and it is preloaded intentionally. @ http://localhost:3100/:0
[ 8087747ms] [WARNING] The resource http://localhost:3100/_next/static/css/app/layout.css?v=1772415805933 was preloaded using link preload but not used within a few seconds from the window's load event. Please make sure it has an appropriate `as` value and it is preloaded intentionally. @ http://localhost:3100/:0
[ 8090996ms] [WARNING] The resource http://localhost:3100/_next/static/css/app/layout.css?v=1772415805933 was preloaded using link preload but not used within a few seconds from the window's load event. Please make sure it has an appropriate `as` value and it is preloaded intentionally. @ http://localhost:3100/:0
[ 8094265ms] [WARNING] The resource http://localhost:3100/_next/static/css/app/layout.css?v=1772415805933 was preloaded using link preload but not used within a few seconds from the window's load event. Please make sure it has an appropriate `as` value and it is preloaded intentionally. @ http://localhost:3100/:0
[ 8097554ms] [WARNING] The resource http://localhost:3100/_next/static/css/app/layout.css?v=1772415805933 was preloaded using link preload but not used within a few seconds from the window's load event. Please make sure it has an appropriate `as` value and it is preloaded intentionally. @ http://localhost:3100/:0
[ 8101555ms] [WARNING] The resource http://localhost:3100/_next/static/css/app/layout.css?v=1772415805933 was preloaded using link preload but not used within a few seconds from the window's load event. Please make sure it has an appropriate `as` value and it is preloaded intentionally. @ http://localhost:3100/:0
[ 8104845ms] [WARNING] The resource http://localhost:3100/_next/static/css/app/layout.css?v=1772415805933 was preloaded using link preload but not used within a few seconds from the window's load event. Please make sure it has an appropriate `as` value and it is preloaded intentionally. @ http://localhost:3100/:0
[ 8108109ms] [WARNING] The resource http://localhost:3100/_next/static/css/app/layout.css?v=1772415805933 was preloaded using link preload but not used within a few seconds from the window's load event. Please make sure it has an appropriate `as` value and it is preloaded intentionally. @ http://localhost:3100/:0
[ 8111403ms] [WARNING] The resource http://localhost:3100/_next/static/css/app/layout.css?v=1772415805933 was preloaded using link preload but not used within a few seconds from the window's load event. Please make sure it has an appropriate `as` value and it is preloaded intentionally. @ http://localhost:3100/:0
[ 8114664ms] [WARNING] The resource http://localhost:3100/_next/static/css/app/layout.css?v=1772415805933 was preloaded using link preload but not used within a few seconds from the window's load event. Please make sure it has an appropriate `as` value and it is preloaded intentionally. @ http://localhost:3100/:0
[ 8117944ms] [WARNING] The resource http://localhost:3100/_next/static/css/app/layout.css?v=1772415805933 was preloaded using link preload but not used within a few seconds from the window's load event. Please make sure it has an appropriate `as` value and it is preloaded intentionally. @ http://localhost:3100/:0
[ 8121242ms] [WARNING] The resource http://localhost:3100/_next/static/css/app/layout.css?v=1772415805933 was preloaded using link preload but not used within a few seconds from the window's load event. Please make sure it has an appropriate `as` value and it is preloaded intentionally. @ http://localhost:3100/:0
[ 8127037ms] [WARNING] The resource http://localhost:3100/_next/static/css/app/layout.css?v=1772415805933 was preloaded using link preload but not used within a few seconds from the window's load event. Please make sure it has an appropriate `as` value and it is preloaded intentionally. @ http://localhost:3100/:0
[ 8130888ms] [WARNING] The resource http://localhost:3100/_next/static/css/app/layout.css?v=1772415805933 was preloaded using link preload but not used within a few seconds from the window's load event. Please make sure it has an appropriate `as` value and it is preloaded intentionally. @ http://localhost:3100/:0
[ 8134459ms] [WARNING] The resource http://localhost:3100/_next/static/css/app/layout.css?v=1772415805933 was preloaded using link preload but not used within a few seconds from the window's load event. Please make sure it has an appropriate `as` value and it is preloaded intentionally. @ http://localhost:3100/:0
[ 8137834ms] [WARNING] The resource http://localhost:3100/_next/static/css/app/layout.css?v=1772415805933 was preloaded using link preload but not used within a few seconds from the window's load event. Please make sure it has an appropriate `as` value and it is preloaded intentionally. @ http://localhost:3100/:0
[ 8138295ms] [ERROR] Failed to load resource: the server responded with a status of 500 (Internal Server Error) @ http://localhost:3100/?_rsc=1b2nj:0
[ 8138466ms] [ERROR] Failed to load resource: the server responded with a status of 500 (Internal Server Error) @ http://localhost:3100/?_rsc=1b2nj:0
[ 8139036ms] [ERROR] Failed to load resource: the server responded with a status of 500 (Internal Server Error) @ http://localhost:3100/?_rsc=1b2nj:0
[ 8139253ms] [ERROR] Failed to load resource: the server responded with a status of 500 (Internal Server Error) @ http://localhost:3100/?_rsc=1b2nj:0
[ 8139396ms] [ERROR] Failed to load resource: the server responded with a status of 500 (Internal Server Error) @ http://localhost:3100/?_rsc=1b2nj:0
[ 8139610ms] [ERROR] Failed to load resource: the server responded with a status of 500 (Internal Server Error) @ http://localhost:3100/?_rsc=1b2nj:0
[ 8141542ms] [WARNING] Image with src "http://localhost:3100/illustrations/character-carrot.png" has either width or height modified, but not the other. If you use CSS to change the size of your image, also include the styles 'width: "auto"' or 'height: "auto"' to maintain the aspect ratio. @ webpack-internal:///(app-pages-browser)/./node_modules/next/dist/shared/lib/utils/warn-once.js:15
